-------------------------------------------------------------------------------
Test set: com.aeroweb.runner.runnerFile
-------------------------------------------------------------------------------
Tests run: 1, Failures: 0, Errors: 1, Skipped: 0, Time elapsed: 0.003 sec <<< FAILURE! - in com.aeroweb.runner.runnerFile
initializationError(com.aeroweb.runner.runnerFile)  Time elapsed: 0.002 sec  <<< ERROR!
java.lang.IllegalArgumentException: Not a file or directory: C:\Users\cdurgapal\Pictures\Project\AeroWebPOC\TC83343
	at cucumber.runtime.io.FileResourceIterator$FileIterator.<init>(FileResourceIterator.java:54)
	at cucumber.runtime.io.FileResourceIterator.<init>(FileResourceIterator.java:20)
	at cucumber.runtime.io.FileResourceIterable.iterator(FileResourceIterable.java:19)
	at cucumber.runtime.model.CucumberFeature.loadFromRerunFile(CucumberFeature.java:63)
	at cucumber.runtime.model.CucumberFeature.load(CucumberFeature.java:52)
	at cucumber.runtime.model.CucumberFeature.load(CucumberFeature.java:34)
	at cucumber.runtime.RuntimeOptions.cucumberFeatures(RuntimeOptions.java:201)
	at cucumber.api.junit.Cucumber.<init>(Cucumber.java:60)
	at sun.reflect.NativeConstructorAccessorImpl.newInstance0(Native Method)
	at sun.reflect.NativeConstructorAccessorImpl.newInstance(NativeConstructorAccessorImpl.java:62)
	at sun.reflect.DelegatingConstructorAccessorImpl.newInstance(DelegatingConstructorAccessorImpl.java:45)
	at java.lang.reflect.Constructor.newInstance(Constructor.java:423)
	at org.junit.internal.builders.AnnotatedBuilder.buildRunner(AnnotatedBuilder.java:104)
	at org.junit.internal.builders.AnnotatedBuilder.runnerForClass(AnnotatedBuilder.java:86)
	at org.junit.runners.model.RunnerBuilder.safeRunnerForClass(RunnerBuilder.java:70)
	at org.junit.internal.builders.AllDefaultPossibilitiesBuilder.runnerForClass(AllDefaultPossibilitiesBuilder.java:37)
	at org.junit.runner.Computer.getRunner(Computer.java:50)
	at org.junit.runner.Computer$1.runnerForClass(Computer.java:31)
	at org.junit.runners.model.RunnerBuilder.safeRunnerForClass(RunnerBuilder.java:70)
	at org.junit.runners.model.RunnerBuilder.runners(RunnerBuilder.java:125)
	at org.junit.runners.model.RunnerBuilder.runners(RunnerBuilder.java:111)
	at org.junit.runners.Suite.<init>(Suite.java:81)
	at org.junit.runner.Computer$2.<init>(Computer.java:33)
	at org.junit.runner.Computer.getSuite(Computer.java:28)
	at org.junit.runner.Request.classes(Request.java:77)
	at org.apache.maven.surefire.junitcore.JUnitCoreWrapper.createRequestAndRun(JUnitCoreWrapper.java:96)
	at org.apache.maven.surefire.junitcore.JUnitCoreWrapper.executeEager(JUnitCoreWrapper.java:77)
	at org.apache.maven.surefire.junitcore.JUnitCoreWrapper.execute(JUnitCoreWrapper.java:53)
	at org.apache.maven.surefire.junitcore.JUnitCoreProvider.invoke(JUnitCoreProvider.java:144)
	at org.apache.maven.surefire.booter.ForkedBooter.invokeProviderInSameClassLoader(ForkedBooter.java:203)
	at org.apache.maven.surefire.booter.ForkedBooter.runSuitesInProcess(ForkedBooter.java:155)
	at org.apache.maven.surefire.booter.ForkedBooter.main(ForkedBooter.java:103)

