<?xml version="1.0" encoding="UTF-8"?>
<testsuite name="Scenario: Dashboard - Verification of Operator in available aircrafts for the user" time="0" tests="7" errors="1" skipped="6" failures="0">
  <properties>
[...]
</properties>
  <testcase name="Scenario: Dashboard - Verification of Operator in available aircrafts for the user" classname="Scenario: Dashboard - Verification of Operator in available aircrafts for the user" time="0">
    <error type="java.lang.NullPointerException:">java.lang.NullPointerException: null
	at com.aeroweb.utils.DriverUtil.openBrowser(DriverUtil.java:91)
	at com.aeroweb.runner.Hooks.setupPrerequisite(Hooks.java:39)
	at sun.reflect.NativeMethodAccessorImpl.invoke0(Native Method)
	at sun.reflect.NativeMethodAccessorImpl.invoke(NativeMethodAccessorImpl.java:62)
	at sun.reflect.DelegatingMethodAccessorImpl.invoke(DelegatingMethodAccessorImpl.java:43)
	at java.lang.reflect.Method.invoke(Method.java:498)
	at cucumber.runtime.Utils$1.call(Utils.java:34)
	at cucumber.runtime.Timeout.timeout(Timeout.java:13)
	at cucumber.runtime.Utils.invoke(Utils.java:30)
	at cucumber.runtime.java.JavaHookDefinition.execute(JavaHookDefinition.java:59)
	at cucumber.runtime.Runtime.runHookIfTagsMatch(Runtime.java:222)
	at cucumber.runtime.Runtime.runHooks(Runtime.java:210)
	at cucumber.runtime.Runtime.runBeforeHooks(Runtime.java:200)
	at cucumber.runtime.model.CucumberScenario.run(CucumberScenario.java:44)
	at cucumber.runtime.junit.ExecutionUnitRunner.run(ExecutionUnitRunner.java:91)
	at cucumber.runtime.junit.FeatureRunner.runChild(FeatureRunner.java:63)
	at cucumber.runtime.junit.FeatureRunner.runChild(FeatureRunner.java:18)
	at org.junit.runners.ParentRunner$4.run(ParentRunner.java:331)
	at org.junit.runners.ParentRunner$1.schedule(ParentRunner.java:79)
	at org.junit.runners.ParentRunner.runChildren(ParentRunner.java:329)
	at org.junit.runners.ParentRunner.access$100(ParentRunner.java:66)
	at org.junit.runners.ParentRunner$2.evaluate(ParentRunner.java:293)
	at org.junit.runners.ParentRunner$3.evaluate(ParentRunner.java:306)
	at org.junit.runners.ParentRunner.run(ParentRunner.java:413)
	at cucumber.runtime.junit.FeatureRunner.run(FeatureRunner.java:70)
	at cucumber.api.junit.Cucumber.runChild(Cucumber.java:93)
	at cucumber.api.junit.Cucumber.runChild(Cucumber.java:37)
	at org.junit.runners.ParentRunner$4.run(ParentRunner.java:331)
	at org.junit.runners.ParentRunner$1.schedule(ParentRunner.java:79)
	at org.junit.runners.ParentRunner.runChildren(ParentRunner.java:329)
	at org.junit.runners.ParentRunner.access$100(ParentRunner.java:66)
	at org.junit.runners.ParentRunner$2.evaluate(ParentRunner.java:293)
	at org.junit.runners.ParentRunner$3.evaluate(ParentRunner.java:306)
	at org.junit.runners.ParentRunner.run(ParentRunner.java:413)
	at cucumber.api.junit.Cucumber.run(Cucumber.java:98)
	at org.junit.runners.Suite.runChild(Suite.java:128)
	at org.junit.runners.Suite.runChild(Suite.java:27)
	at org.junit.runners.ParentRunner$4.run(ParentRunner.java:331)
	at org.junit.runners.ParentRunner$1.schedule(ParentRunner.java:79)
	at org.junit.runners.ParentRunner.runChildren(ParentRunner.java:329)
	at org.junit.runners.ParentRunner.access$100(ParentRunner.java:66)
	at org.junit.runners.ParentRunner$2.evaluate(ParentRunner.java:293)
	at org.junit.runners.ParentRunner$3.evaluate(ParentRunner.java:306)
	at org.junit.runners.ParentRunner.run(ParentRunner.java:413)
	at org.junit.runner.JUnitCore.run(JUnitCore.java:137)
	at org.junit.runner.JUnitCore.run(JUnitCore.java:115)
	at org.apache.maven.surefire.junitcore.JUnitCoreWrapper.createRequestAndRun(JUnitCoreWrapper.java:107)
	at org.apache.maven.surefire.junitcore.JUnitCoreWrapper.executeEager(JUnitCoreWrapper.java:77)
	at org.apache.maven.surefire.junitcore.JUnitCoreWrapper.execute(JUnitCoreWrapper.java:53)
	at org.apache.maven.surefire.junitcore.JUnitCoreProvider.invoke(JUnitCoreProvider.java:144)
	at org.apache.maven.surefire.booter.ForkedBooter.invokeProviderInSameClassLoader(ForkedBooter.java:203)
	at org.apache.maven.surefire.booter.ForkedBooter.runSuitesInProcess(ForkedBooter.java:155)
	at org.apache.maven.surefire.booter.ForkedBooter.main(ForkedBooter.java:103)
</error>
    <system-out><![CDATA[C:\Users\cdurgapal\Pictures\Project\AeroWebPOC\extent-config.xml
session not created
from disconnected: received Inspector.detached event
  (Session info: MicrosoftEdge=81.0.416.72)
Build info: version: '3.141.59', revision: 'e82be7d358', time: '2018-11-14T08:17:03'
System info: host: 'ITEM-S84908', ip: '10.206.2.185', os.name: 'Windows 10', os.arch: 'amd64', os.version: '10.0', java.version: '1.8.0_211'
Driver info: driver.version: EdgeDriver
remote stacktrace: Backtrace:
	Ordinal0 [0x00007FF62066B892+2144402]
	Ordinal0 [0x00007FF6205A6542+1336642]
	Ordinal0 [0x00007FF6204FF285+651909]
	Ordinal0 [0x00007FF6204F5AA4+613028]
	Ordinal0 [0x00007FF6204F5620+611872]
	Ordinal0 [0x00007FF6204F4DC3+609731]
	Ordinal0 [0x00007FF6204F41E5+606693]
	Ordinal0 [0x00007FF6204F4492+607378]
	Ordinal0 [0x00007FF6204F3D57+605527]
	Ordinal0 [0x00007FF6204FDA3C+645692]
	Ordinal0 [0x00007FF6204F3D00+605440]
	Ordinal0 [0x00007FF6204F4A09+608777]
	Ordinal0 [0x00007FF6204F41E5+606693]
	Ordinal0 [0x00007FF6204F4492+607378]
	Ordinal0 [0x00007FF6204F3D57+605527]
	Ordinal0 [0x00007FF6204FBB07+637703]
	Ordinal0 [0x00007FF6204F3D00+605440]
	Ordinal0 [0x00007FF6204F4A09+608777]
	Ordinal0 [0x00007FF6204F41E5+606693]
	Ordinal0 [0x00007FF6204F4492+607378]
	Ordinal0 [0x00007FF6204F3D57+605527]
	Ordinal0 [0x00007FF6204F9C3F+629823]
	Ordinal0 [0x00007FF6204F3D00+605440]
	Ordinal0 [0x00007FF6204F4A09+608777]
	Ordinal0 [0x00007FF6204F41E5+606693]
	Ordinal0 [0x00007FF6204F4492+607378]
	Ordinal0 [0x00007FF6204F3D57+605527]
	Ordinal0 [0x00007FF6204F8FE0+626656]
	Ordinal0 [0x00007FF6204F3D00+605440]
	Ordinal0 [0x00007FF6204F4A09+608777]
	Ordinal0 [0x00007FF6204F41E5+606693]
	Ordinal0 [0x00007FF6204F4492+607378]
	Ordinal0 [0x00007FF6204F3D57+605527]
	Ordinal0 [0x00007FF6204EF880+587904]
	Ordinal0 [0x00007FF6204F3D00+605440]
	Ordinal0 [0x00007FF6204F3BAD+605101]
	Ordinal0 [0x00007FF620500132+655666]
	Ordinal0 [0x00007FF620498F5F+233311]
	Ordinal0 [0x00007FF6204952CF+217807]
	Ordinal0 [0x00007FF62047704F+94287]
	Ordinal0 [0x00007FF62047820E+98830]
	Ordinal0 [0x00007FF6205BF5A1+1439137]
	GetHandleVerifier [0x00007FF620730059+666233]
	GetHandleVerifier [0x00007FF62072FDE1+665601]
	GetHandleVerifier [0x00007FF62074674C+758124]
	GetHandleVerifier [0x00007FF620730868+668296]
	Ordinal0 [0x00007FF6205B627E+1401470]
	Ordinal0 [0x00007FF6205C1186+1446278]
	Ordinal0 [0x00007FF6205DD16D+1560941]
	BaseThreadInitThunk [0x00007FFF014F4034+20]
	RtlUserThreadStart [0x00007FFF02433691+33]

]]></system-out>
    <system-err><![CDATA[log4j:WARN No appenders could be found for logger (freemarker.cache).
log4j:WARN Please initialize the log4j system properly.
log4j:WARN See http://logging.apache.org/log4j/1.2/faq.html#noconfig for more info.
May 08, 2020 10:36:53 AM org.openqa.selenium.remote.DesiredCapabilities chrome
INFO: Using `new ChromeOptions()` is preferred to `DesiredCapabilities.chrome()`
Starting MSEdgeDriver 80.0.361.57 (331c514ec445cec5e9a634d7f3bc684de2c15721) on port 21454
Only local connections are allowed.
Please protect ports used by MSEdgeDriver and related test frameworks to prevent access by malicious code.
[1588914423.390][WARNING]: This version of MSEdgeDriver has not been tested with MSEdge version 81.
org.openqa.selenium.SessionNotCreatedException: session not created
from disconnected: received Inspector.detached event
  (Session info: MicrosoftEdge=81.0.416.72)
Build info: version: '3.141.59', revision: 'e82be7d358', time: '2018-11-14T08:17:03'
System info: host: 'ITEM-S84908', ip: '10.206.2.185', os.name: 'Windows 10', os.arch: 'amd64', os.version: '10.0', java.version: '1.8.0_211'
Driver info: driver.version: EdgeDriver
remote stacktrace: Backtrace:
	Ordinal0 [0x00007FF62066B892+2144402]
	Ordinal0 [0x00007FF6205A6542+1336642]
	Ordinal0 [0x00007FF6204FF285+651909]
	Ordinal0 [0x00007FF6204F5AA4+613028]
	Ordinal0 [0x00007FF6204F5620+611872]
	Ordinal0 [0x00007FF6204F4DC3+609731]
	Ordinal0 [0x00007FF6204F41E5+606693]
	Ordinal0 [0x00007FF6204F4492+607378]
	Ordinal0 [0x00007FF6204F3D57+605527]
	Ordinal0 [0x00007FF6204FDA3C+645692]
	Ordinal0 [0x00007FF6204F3D00+605440]
	Ordinal0 [0x00007FF6204F4A09+608777]
	Ordinal0 [0x00007FF6204F41E5+606693]
	Ordinal0 [0x00007FF6204F4492+607378]
	Ordinal0 [0x00007FF6204F3D57+605527]
	Ordinal0 [0x00007FF6204FBB07+637703]
	Ordinal0 [0x00007FF6204F3D00+605440]
	Ordinal0 [0x00007FF6204F4A09+608777]
	Ordinal0 [0x00007FF6204F41E5+606693]
	Ordinal0 [0x00007FF6204F4492+607378]
	Ordinal0 [0x00007FF6204F3D57+605527]
	Ordinal0 [0x00007FF6204F9C3F+629823]
	Ordinal0 [0x00007FF6204F3D00+605440]
	Ordinal0 [0x00007FF6204F4A09+608777]
	Ordinal0 [0x00007FF6204F41E5+606693]
	Ordinal0 [0x00007FF6204F4492+607378]
	Ordinal0 [0x00007FF6204F3D57+605527]
	Ordinal0 [0x00007FF6204F8FE0+626656]
	Ordinal0 [0x00007FF6204F3D00+605440]
	Ordinal0 [0x00007FF6204F4A09+608777]
	Ordinal0 [0x00007FF6204F41E5+606693]
	Ordinal0 [0x00007FF6204F4492+607378]
	Ordinal0 [0x00007FF6204F3D57+605527]
	Ordinal0 [0x00007FF6204EF880+587904]
	Ordinal0 [0x00007FF6204F3D00+605440]
	Ordinal0 [0x00007FF6204F3BAD+605101]
	Ordinal0 [0x00007FF620500132+655666]
	Ordinal0 [0x00007FF620498F5F+233311]
	Ordinal0 [0x00007FF6204952CF+217807]
	Ordinal0 [0x00007FF62047704F+94287]
	Ordinal0 [0x00007FF62047820E+98830]
	Ordinal0 [0x00007FF6205BF5A1+1439137]
	GetHandleVerifier [0x00007FF620730059+666233]
	GetHandleVerifier [0x00007FF62072FDE1+665601]
	GetHandleVerifier [0x00007FF62074674C+758124]
	GetHandleVerifier [0x00007FF620730868+668296]
	Ordinal0 [0x00007FF6205B627E+1401470]
	Ordinal0 [0x00007FF6205C1186+1446278]
	Ordinal0 [0x00007FF6205DD16D+1560941]
	BaseThreadInitThunk [0x00007FFF014F4034+20]
	RtlUserThreadStart [0x00007FFF02433691+33]

	at sun.reflect.NativeConstructorAccessorImpl.newInstance0(Native Method)
	at sun.reflect.NativeConstructorAccessorImpl.newInstance(NativeConstructorAccessorImpl.java:62)
	at sun.reflect.DelegatingConstructorAccessorImpl.newInstance(DelegatingConstructorAccessorImpl.java:45)
	at java.lang.reflect.Constructor.newInstance(Constructor.java:423)
	at org.openqa.selenium.remote.W3CHandshakeResponse.lambda$errorHandler$0(W3CHandshakeResponse.java:62)
	at org.openqa.selenium.remote.HandshakeResponse.lambda$getResponseFunction$0(HandshakeResponse.java:30)
	at org.openqa.selenium.remote.ProtocolHandshake.lambda$createSession$0(ProtocolHandshake.java:126)
	at java.util.stream.ReferencePipeline$3$1.accept(ReferencePipeline.java:193)
	at java.util.Spliterators$ArraySpliterator.tryAdvance(Spliterators.java:958)
	at java.util.stream.ReferencePipeline.forEachWithCancel(ReferencePipeline.java:126)
	at java.util.stream.AbstractPipeline.copyIntoWithCancel(AbstractPipeline.java:498)
	at java.util.stream.AbstractPipeline.copyInto(AbstractPipeline.java:485)
	at java.util.stream.AbstractPipeline.wrapAndCopyInto(AbstractPipeline.java:471)
	at java.util.stream.FindOps$FindOp.evaluateSequential(FindOps.java:152)
	at java.util.stream.AbstractPipeline.evaluate(AbstractPipeline.java:234)
	at java.util.stream.ReferencePipeline.findFirst(ReferencePipeline.java:464)
	at org.openqa.selenium.remote.ProtocolHandshake.createSession(ProtocolHandshake.java:128)
	at org.openqa.selenium.remote.ProtocolHandshake.createSession(ProtocolHandshake.java:74)
	at org.openqa.selenium.remote.HttpCommandExecutor.execute(HttpCommandExecutor.java:136)
	at org.openqa.selenium.remote.service.DriverCommandExecutor.execute(DriverCommandExecutor.java:83)
	at org.openqa.selenium.remote.RemoteWebDriver.execute(RemoteWebDriver.java:552)
	at org.openqa.selenium.remote.RemoteWebDriver.startSession(RemoteWebDriver.java:213)
	at org.openqa.selenium.remote.RemoteWebDriver.<init>(RemoteWebDriver.java:131)
	at org.openqa.selenium.edge.EdgeDriver.<init>(EdgeDriver.java:141)
	at org.openqa.selenium.edge.EdgeDriver.<init>(EdgeDriver.java:96)
	at com.aeroweb.utils.DriverUtil.openBrowser(DriverUtil.java:80)
	at com.aeroweb.runner.Hooks.setupPrerequisite(Hooks.java:39)
	at sun.reflect.NativeMethodAccessorImpl.invoke0(Native Method)
	at sun.reflect.NativeMethodAccessorImpl.invoke(NativeMethodAccessorImpl.java:62)
	at sun.reflect.DelegatingMethodAccessorImpl.invoke(DelegatingMethodAccessorImpl.java:43)
	at java.lang.reflect.Method.invoke(Method.java:498)
	at cucumber.runtime.Utils$1.call(Utils.java:34)
	at cucumber.runtime.Timeout.timeout(Timeout.java:13)
	at cucumber.runtime.Utils.invoke(Utils.java:30)
	at cucumber.runtime.java.JavaHookDefinition.execute(JavaHookDefinition.java:59)
	at cucumber.runtime.Runtime.runHookIfTagsMatch(Runtime.java:222)
	at cucumber.runtime.Runtime.runHooks(Runtime.java:210)
	at cucumber.runtime.Runtime.runBeforeHooks(Runtime.java:200)
	at cucumber.runtime.model.CucumberScenario.run(CucumberScenario.java:44)
	at cucumber.runtime.junit.ExecutionUnitRunner.run(ExecutionUnitRunner.java:91)
	at cucumber.runtime.junit.FeatureRunner.runChild(FeatureRunner.java:63)
	at cucumber.runtime.junit.FeatureRunner.runChild(FeatureRunner.java:18)
	at org.junit.runners.ParentRunner$4.run(ParentRunner.java:331)
	at org.junit.runners.ParentRunner$1.schedule(ParentRunner.java:79)
	at org.junit.runners.ParentRunner.runChildren(ParentRunner.java:329)
	at org.junit.runners.ParentRunner.access$100(ParentRunner.java:66)
	at org.junit.runners.ParentRunner$2.evaluate(ParentRunner.java:293)
	at org.junit.runners.ParentRunner$3.evaluate(ParentRunner.java:306)
	at org.junit.runners.ParentRunner.run(ParentRunner.java:413)
	at cucumber.runtime.junit.FeatureRunner.run(FeatureRunner.java:70)
	at cucumber.api.junit.Cucumber.runChild(Cucumber.java:93)
	at cucumber.api.junit.Cucumber.runChild(Cucumber.java:37)
	at org.junit.runners.ParentRunner$4.run(ParentRunner.java:331)
	at org.junit.runners.ParentRunner$1.schedule(ParentRunner.java:79)
	at org.junit.runners.ParentRunner.runChildren(ParentRunner.java:329)
	at org.junit.runners.ParentRunner.access$100(ParentRunner.java:66)
	at org.junit.runners.ParentRunner$2.evaluate(ParentRunner.java:293)
	at org.junit.runners.ParentRunner$3.evaluate(ParentRunner.java:306)
	at org.junit.runners.ParentRunner.run(ParentRunner.java:413)
	at cucumber.api.junit.Cucumber.run(Cucumber.java:98)
	at org.junit.runners.Suite.runChild(Suite.java:128)
	at org.junit.runners.Suite.runChild(Suite.java:27)
	at org.junit.runners.ParentRunner$4.run(ParentRunner.java:331)
	at org.junit.runners.ParentRunner$1.schedule(ParentRunner.java:79)
	at org.junit.runners.ParentRunner.runChildren(ParentRunner.java:329)
	at org.junit.runners.ParentRunner.access$100(ParentRunner.java:66)
	at org.junit.runners.ParentRunner$2.evaluate(ParentRunner.java:293)
	at org.junit.runners.ParentRunner$3.evaluate(ParentRunner.java:306)
	at org.junit.runners.ParentRunner.run(ParentRunner.java:413)
	at org.junit.runner.JUnitCore.run(JUnitCore.java:137)
	at org.junit.runner.JUnitCore.run(JUnitCore.java:115)
	at org.apache.maven.surefire.junitcore.JUnitCoreWrapper.createRequestAndRun(JUnitCoreWrapper.java:107)
	at org.apache.maven.surefire.junitcore.JUnitCoreWrapper.executeEager(JUnitCoreWrapper.java:77)
	at org.apache.maven.surefire.junitcore.JUnitCoreWrapper.execute(JUnitCoreWrapper.java:53)
	at org.apache.maven.surefire.junitcore.JUnitCoreProvider.invoke(JUnitCoreProvider.java:144)
	at org.apache.maven.surefire.booter.ForkedBooter.invokeProviderInSameClassLoader(ForkedBooter.java:203)
	at org.apache.maven.surefire.booter.ForkedBooter.runSuitesInProcess(ForkedBooter.java:155)
	at org.apache.maven.surefire.booter.ForkedBooter.main(ForkedBooter.java:103)
]]></system-err>
  </testcase>
  <testcase name="Given Login Into Application" classname="Scenario: Dashboard - Verification of Operator in available aircrafts for the user" time="0">
    <skipped/>
  </testcase>
  <testcase name="Then Verify logged in successfully" classname="Scenario: Dashboard - Verification of Operator in available aircrafts for the user" time="0">
    <skipped/>
  </testcase>
  <testcase name="When Select &quot;Fleet Management&quot; Tab and select &quot;Aircraft&quot; option" classname="Scenario: Dashboard - Verification of Operator in available aircrafts for the user" time="0">
    <skipped/>
  </testcase>
  <testcase name="And click Search button" classname="Scenario: Dashboard - Verification of Operator in available aircrafts for the user" time="0">
    <skipped/>
  </testcase>
  <testcase name="Then Verify Search results are available" classname="Scenario: Dashboard - Verification of Operator in available aircrafts for the user" time="0">
    <skipped/>
  </testcase>
  <testcase name="And Verify operator for each Aircraft is 11f or empty" classname="Scenario: Dashboard - Verification of Operator in available aircrafts for the user" time="0">
    <skipped/>
  </testcase>
</testsuite>