<?xml version="1.0" encoding="UTF-8"?>
<testng-results skipped="0" failed="0" ignored="0" total="1" passed="1">
  <reporter-output>
  </reporter-output>
  <suite name="Suite" duration-ms="78270" started-at="2020-12-25T16:27:00 IST" finished-at="2020-12-25T16:28:18 IST">
    <groups>
      <group name="cucumber">
        <method signature="AbstractTestNGCucumberTests.runScenario(io.cucumber.testng.PickleWrapper, io.cucumber.testng.FeatureWrapper)[pri:0, instance:com.aeroweb.runner.runnerFile@2d127a61]" name="runScenario" class="io.cucumber.testng.AbstractTestNGCucumberTests"/>
      </group> <!-- cucumber -->
    </groups>
    <test name="Test" duration-ms="78270" started-at="2020-12-25T16:27:00 IST" finished-at="2020-12-25T16:28:18 IST">
      <class name="com.aeroweb.runner.runnerFile">
        <test-method status="PASS" signature="setUpClass()[pri:0, instance:com.aeroweb.runner.runnerFile@2d127a61]" name="setUpClass" is-config="true" duration-ms="507" started-at="2020-12-25T16:27:00 IST" finished-at="2020-12-25T16:27:00 IST">
          <reporter-output>
          </reporter-output>
        </test-method> <!-- setUpClass -->
        <test-method status="PASS" signature="runScenario(io.cucumber.testng.PickleWrapper, io.cucumber.testng.FeatureWrapper)[pri:0, instance:com.aeroweb.runner.runnerFile@2d127a61]" name="runScenario" duration-ms="77436" started-at="2020-12-25T16:27:00 IST" description="Runs Cucumber Scenarios" data-provider="scenarios" finished-at="2020-12-25T16:28:18 IST">
          <params>
            <param index="0">
              <value>
                <![CDATA["02 - Logistics -TC83506_TC83505- Verification of file upload and download under documents tab on Receipt page"]]>
              </value>
            </param>
            <param index="1">
              <value>
                <![CDATA["AeroWeb Logistics Feature File"]]>
              </value>
            </param>
          </params>
          <reporter-output>
          </reporter-output>
        </test-method> <!-- runScenario -->
        <test-method status="PASS" signature="tearDownClass()[pri:0, instance:com.aeroweb.runner.runnerFile@2d127a61]" name="tearDownClass" is-config="true" duration-ms="276" started-at="2020-12-25T16:28:18 IST" finished-at="2020-12-25T16:28:18 IST">
          <reporter-output>
          </reporter-output>
        </test-method> <!-- tearDownClass -->
      </class> <!-- com.aeroweb.runner.runnerFile -->
    </test> <!-- Test -->
  </suite> <!-- Suite -->
</testng-results>
