<?xml version="1.0" encoding="UTF-8"?>
<testng-results skipped="0" failed="0" total="2" passed="2">
  <reporter-output>
  </reporter-output>
  <suite name="Suite" duration-ms="81231" started-at="2020-12-16T12:55:30Z" finished-at="2020-12-16T12:56:51Z">
    <groups>
      <group name="cucumber">
        <method signature="AbstractTestNGCucumberTests.runScenario(io.cucumber.testng.PickleWrapper, io.cucumber.testng.FeatureWrapper)[pri:0, instance:com.aeroweb.runner.runnerFile@1f554b06]" name="runScenario" class="io.cucumber.testng.AbstractTestNGCucumberTests"/>
      </group> <!-- cucumber -->
    </groups>
    <test name="Test" duration-ms="81231" started-at="2020-12-16T12:55:30Z" finished-at="2020-12-16T12:56:51Z">
      <class name="com.aeroweb.runner.runnerFile">
        <test-method status="PASS" signature="setUpClass()[pri:0, instance:com.aeroweb.runner.runnerFile@1f554b06]" name="setUpClass" is-config="true" duration-ms="931" started-at="2020-12-16T18:25:30Z" finished-at="2020-12-16T18:25:31Z">
          <reporter-output>
          </reporter-output>
        </test-method> <!-- setUpClass -->
        <test-method status="PASS" signature="runScenario(io.cucumber.testng.PickleWrapper, io.cucumber.testng.FeatureWrapper)[pri:0, instance:com.aeroweb.runner.runnerFile@1f554b06]" name="runScenario" duration-ms="67654" started-at="2020-12-16T18:25:31Z" description="Runs Cucumber Scenarios" data-provider="scenarios" finished-at="2020-12-16T18:26:39Z">
          <params>
            <param index="0">
              <value>
                <![CDATA["Referential-TC83744- Verify user is able to modify additional information of an article from the Part Number screen"]]>
              </value>
            </param>
            <param index="1">
              <value>
                <![CDATA["AeroWeb Referential Feature File"]]>
              </value>
            </param>
          </params>
          <reporter-output>
          </reporter-output>
        </test-method> <!-- runScenario -->
        <test-method status="PASS" signature="runScenario(io.cucumber.testng.PickleWrapper, io.cucumber.testng.FeatureWrapper)[pri:0, instance:com.aeroweb.runner.runnerFile@1f554b06]" name="runScenario" duration-ms="79837" started-at="2020-12-16T18:25:31Z" description="Runs Cucumber Scenarios" data-provider="scenarios" finished-at="2020-12-16T18:26:51Z">
          <params>
            <param index="0">
              <value>
                <![CDATA["Referential-TC83994- Verify user is able to load an article repository with logistical information"]]>
              </value>
            </param>
            <param index="1">
              <value>
                <![CDATA["AeroWeb Referential Feature File"]]>
              </value>
            </param>
          </params>
          <reporter-output>
          </reporter-output>
        </test-method> <!-- runScenario -->
        <test-method status="PASS" signature="tearDownClass()[pri:0, instance:com.aeroweb.runner.runnerFile@1f554b06]" name="tearDownClass" is-config="true" duration-ms="413" started-at="2020-12-16T18:26:51Z" finished-at="2020-12-16T18:26:51Z">
          <reporter-output>
          </reporter-output>
        </test-method> <!-- tearDownClass -->
      </class> <!-- com.aeroweb.runner.runnerFile -->
    </test> <!-- Test -->
  </suite> <!-- Suite -->
</testng-results>
